24-Apr-2025 11:58:21.115 信息 [main] org.apache.catalina.startup.VersionLoggerListener.log Server.服务器版本: Apache Tomcat/8.5.75
24-Apr-2025 11:58:21.146 信息 [main] org.apache.catalina.startup.VersionLoggerListener.log 服务器构建:        Jan 17 2022 22:07:47 UTC
24-Apr-2025 11:58:21.147 信息 [main] org.apache.catalina.startup.VersionLoggerListener.log 服务器版本号:      8.5.75.0
24-Apr-2025 11:58:21.148 信息 [main] org.apache.catalina.startup.VersionLoggerListener.log 操作系统名称:      Windows 10
24-Apr-2025 11:58:21.148 信息 [main] org.apache.catalina.startup.VersionLoggerListener.log OS.版本:           10.0
24-Apr-2025 11:58:21.149 信息 [main] org.apache.catalina.startup.VersionLoggerListener.log 架构:              amd64
24-Apr-2025 11:58:21.149 信息 [main] org.apache.catalina.startup.VersionLoggerListener.log Java 环境变量:     C:\Program Files\Java\jdk1.8.0_201\jre
24-Apr-2025 11:58:21.149 信息 [main] org.apache.catalina.startup.VersionLoggerListener.log Java虚拟机版本:    1.8.0_201-b09
24-Apr-2025 11:58:21.149 信息 [main] org.apache.catalina.startup.VersionLoggerListener.log JVM.供应商:        Oracle Corporation
24-Apr-2025 11:58:21.149 信息 [main] org.apache.catalina.startup.VersionLoggerListener.log CATALINA_BASE:     D:\BaiduNetdiskDownload\113-图书管理系统\2-源码资料\3-资料\3-资料\5-tomcat8.5.75\apache-tomcat-8.5.75-windows-x64\apache-tomcat-8.5.75
24-Apr-2025 11:58:21.149 信息 [main] org.apache.catalina.startup.VersionLoggerListener.log CATALINA_HOME:     D:\BaiduNetdiskDownload\113-图书管理系统\2-源码资料\3-资料\3-资料\5-tomcat8.5.75\apache-tomcat-8.5.75-windows-x64\apache-tomcat-8.5.75
24-Apr-2025 11:58:21.150 信息 [main] org.apache.catalina.startup.VersionLoggerListener.log 命令行参数：       -Djava.util.logging.config.file=D:\BaiduNetdiskDownload\113-图书管理系统\2-源码资料\3-资料\3-资料\5-tomcat8.5.75\apache-tomcat-8.5.75-windows-x64\apache-tomcat-8.5.75\conf\logging.properties
24-Apr-2025 11:58:21.150 信息 [main] org.apache.catalina.startup.VersionLoggerListener.log 命令行参数：       -Djava.util.logging.manager=org.apache.juli.ClassLoaderLogManager
24-Apr-2025 11:58:21.150 信息 [main] org.apache.catalina.startup.VersionLoggerListener.log 命令行参数：       -Djdk.tls.ephemeralDHKeySize=2048
24-Apr-2025 11:58:21.151 信息 [main] org.apache.catalina.startup.VersionLoggerListener.log 命令行参数：       -Djava.protocol.handler.pkgs=org.apache.catalina.webresources
24-Apr-2025 11:58:21.151 信息 [main] org.apache.catalina.startup.VersionLoggerListener.log 命令行参数：       -Dignore.endorsed.dirs=
24-Apr-2025 11:58:21.151 信息 [main] org.apache.catalina.startup.VersionLoggerListener.log 命令行参数：       -Dcatalina.base=D:\BaiduNetdiskDownload\113-图书管理系统\2-源码资料\3-资料\3-资料\5-tomcat8.5.75\apache-tomcat-8.5.75-windows-x64\apache-tomcat-8.5.75
24-Apr-2025 11:58:21.152 信息 [main] org.apache.catalina.startup.VersionLoggerListener.log 命令行参数：       -Dcatalina.home=D:\BaiduNetdiskDownload\113-图书管理系统\2-源码资料\3-资料\3-资料\5-tomcat8.5.75\apache-tomcat-8.5.75-windows-x64\apache-tomcat-8.5.75
24-Apr-2025 11:58:21.152 信息 [main] org.apache.catalina.startup.VersionLoggerListener.log 命令行参数：       -Djava.io.tmpdir=D:\BaiduNetdiskDownload\113-图书管理系统\2-源码资料\3-资料\3-资料\5-tomcat8.5.75\apache-tomcat-8.5.75-windows-x64\apache-tomcat-8.5.75\temp
24-Apr-2025 11:58:21.152 信息 [main] org.apache.catalina.core.AprLifecycleListener.lifecycleEvent 使用APR版本[1.7.0]加载了基于APR的Apache Tomcat本机库[1.2.31]。
24-Apr-2025 11:58:21.153 信息 [main] org.apache.catalina.core.AprLifecycleListener.lifecycleEvent APR功能：IPv6[true]、sendfile[true]、accept filters[false]、random[true]。
24-Apr-2025 11:58:21.153 信息 [main] org.apache.catalina.core.AprLifecycleListener.lifecycleEvent APR/OpenSSL配置：useAprConnector[false]，useOpenSSL[true]
24-Apr-2025 11:58:21.164 信息 [main] org.apache.catalina.core.AprLifecycleListener.initializeSSL OpenSSL成功初始化 [OpenSSL 1.1.1l  24 Aug 2021]
24-Apr-2025 11:58:21.402 信息 [main] org.apache.coyote.AbstractProtocol.init 初始化协议处理器 ["http-nio-8080"]
24-Apr-2025 11:58:21.415 严重 [main] org.apache.catalina.core.StandardService.initInternal Failed to initialize connector [Connector[HTTP/1.1-8080]]
	org.apache.catalina.LifecycleException: 协议处理程序初始化失败
		at org.apache.catalina.connector.Connector.initInternal(Connector.java:1076)
		at org.apache.catalina.util.LifecycleBase.init(LifecycleBase.java:136)
		at org.apache.catalina.core.StandardService.initInternal(StandardService.java:552)
		at org.apache.catalina.util.LifecycleBase.init(LifecycleBase.java:136)
		at org.apache.catalina.core.StandardServer.initInternal(StandardServer.java:843)
		at org.apache.catalina.util.LifecycleBase.init(LifecycleBase.java:136)
		at org.apache.catalina.startup.Catalina.load(Catalina.java:639)
		at org.apache.catalina.startup.Catalina.load(Catalina.java:662)
		at sun.reflect.NativeMethodAccessorImpl.invoke0(Native Method)
		at sun.reflect.NativeMethodAccessorImpl.invoke(NativeMethodAccessorImpl.java:62)
		at sun.reflect.DelegatingMethodAccessorImpl.invoke(DelegatingMethodAccessorImpl.java:43)
		at java.lang.reflect.Method.invoke(Method.java:498)
		at org.apache.catalina.startup.Bootstrap.load(Bootstrap.java:305)
		at org.apache.catalina.startup.Bootstrap.main(Bootstrap.java:475)
	Caused by: java.net.BindException: Address already in use: bind
		at sun.nio.ch.Net.bind0(Native Method)
		at sun.nio.ch.Net.bind(Net.java:433)
		at sun.nio.ch.Net.bind(Net.java:425)
		at sun.nio.ch.ServerSocketChannelImpl.bind(ServerSocketChannelImpl.java:223)
		at sun.nio.ch.ServerSocketAdaptor.bind(ServerSocketAdaptor.java:74)
		at org.apache.tomcat.util.net.NioEndpoint.bind(NioEndpoint.java:224)
		at org.apache.tomcat.util.net.AbstractEndpoint.init(AbstractEndpoint.java:1189)
		at org.apache.tomcat.util.net.AbstractJsseEndpoint.init(AbstractJsseEndpoint.java:222)
		at org.apache.coyote.AbstractProtocol.init(AbstractProtocol.java:617)
		at org.apache.coyote.http11.AbstractHttp11Protocol.init(AbstractHttp11Protocol.java:80)
		at org.apache.catalina.connector.Connector.initInternal(Connector.java:1074)
		... 13 more
24-Apr-2025 11:58:21.425 信息 [main] org.apache.catalina.startup.Catalina.load Initialization processed in 673 ms
24-Apr-2025 11:58:21.454 信息 [main] org.apache.catalina.core.StandardService.startInternal 正在启动服务[Catalina]
24-Apr-2025 11:58:21.455 信息 [main] org.apache.catalina.core.StandardEngine.startInternal 正在启动 Servlet 引擎：[Apache Tomcat/8.5.75]
24-Apr-2025 11:58:21.468 信息 [localhost-startStop-1] org.apache.catalina.startup.HostConfig.deployDirectory 把web 应用程序部署到目录 [D:\BaiduNetdiskDownload\113-图书管理系统\2-源码资料\3-资料\3-资料\5-tomcat8.5.75\apache-tomcat-8.5.75-windows-x64\apache-tomcat-8.5.75\webapps\docs]
24-Apr-2025 11:58:22.271 警告 [localhost-startStop-1] org.apache.catalina.util.SessionIdGeneratorBase.createSecureRandom 使用[SHA1PRNG]创建会话ID生成的SecureRandom实例花费了[607]毫秒。
24-Apr-2025 11:58:22.351 信息 [localhost-startStop-1] org.apache.catalina.startup.HostConfig.deployDirectory Web应用程序目录[D:\BaiduNetdiskDownload\113-图书管理系统\2-源码资料\3-资料\3-资料\5-tomcat8.5.75\apache-tomcat-8.5.75-windows-x64\apache-tomcat-8.5.75\webapps\docs]的部署已在[882]毫秒内完成
24-Apr-2025 11:58:22.351 信息 [localhost-startStop-1] org.apache.catalina.startup.HostConfig.deployDirectory 把web 应用程序部署到目录 [D:\BaiduNetdiskDownload\113-图书管理系统\2-源码资料\3-资料\3-资料\5-tomcat8.5.75\apache-tomcat-8.5.75-windows-x64\apache-tomcat-8.5.75\webapps\examples]
24-Apr-2025 11:58:22.725 信息 [localhost-startStop-1] org.apache.catalina.startup.HostConfig.deployDirectory Web应用程序目录[D:\BaiduNetdiskDownload\113-图书管理系统\2-源码资料\3-资料\3-资料\5-tomcat8.5.75\apache-tomcat-8.5.75-windows-x64\apache-tomcat-8.5.75\webapps\examples]的部署已在[374]毫秒内完成
24-Apr-2025 11:58:22.727 信息 [localhost-startStop-1] org.apache.catalina.startup.HostConfig.deployDirectory 把web 应用程序部署到目录 [D:\BaiduNetdiskDownload\113-图书管理系统\2-源码资料\3-资料\3-资料\5-tomcat8.5.75\apache-tomcat-8.5.75-windows-x64\apache-tomcat-8.5.75\webapps\host-manager]
24-Apr-2025 11:58:22.760 信息 [localhost-startStop-1] org.apache.catalina.startup.HostConfig.deployDirectory Web应用程序目录[D:\BaiduNetdiskDownload\113-图书管理系统\2-源码资料\3-资料\3-资料\5-tomcat8.5.75\apache-tomcat-8.5.75-windows-x64\apache-tomcat-8.5.75\webapps\host-manager]的部署已在[32]毫秒内完成
24-Apr-2025 11:58:22.760 信息 [localhost-startStop-1] org.apache.catalina.startup.HostConfig.deployDirectory 把web 应用程序部署到目录 [D:\BaiduNetdiskDownload\113-图书管理系统\2-源码资料\3-资料\3-资料\5-tomcat8.5.75\apache-tomcat-8.5.75-windows-x64\apache-tomcat-8.5.75\webapps\manager]
24-Apr-2025 11:58:22.795 信息 [localhost-startStop-1] org.apache.catalina.startup.HostConfig.deployDirectory Web应用程序目录[D:\BaiduNetdiskDownload\113-图书管理系统\2-源码资料\3-资料\3-资料\5-tomcat8.5.75\apache-tomcat-8.5.75-windows-x64\apache-tomcat-8.5.75\webapps\manager]的部署已在[35]毫秒内完成
24-Apr-2025 11:58:22.797 信息 [localhost-startStop-1] org.apache.catalina.startup.HostConfig.deployDirectory 把web 应用程序部署到目录 [D:\BaiduNetdiskDownload\113-图书管理系统\2-源码资料\3-资料\3-资料\5-tomcat8.5.75\apache-tomcat-8.5.75-windows-x64\apache-tomcat-8.5.75\webapps\ROOT]
24-Apr-2025 11:58:22.823 信息 [localhost-startStop-1] org.apache.catalina.startup.HostConfig.deployDirectory Web应用程序目录[D:\BaiduNetdiskDownload\113-图书管理系统\2-源码资料\3-资料\3-资料\5-tomcat8.5.75\apache-tomcat-8.5.75-windows-x64\apache-tomcat-8.5.75\webapps\ROOT]的部署已在[26]毫秒内完成
24-Apr-2025 11:58:22.825 信息 [main] org.apache.catalina.startup.Catalina.start Server startup in 1401 ms
24-Apr-2025 11:58:22.831 严重 [main] org.apache.catalina.core.StandardServer.await StandardServer.await: create[localhost:8005]: 
	java.net.BindException: Address already in use: JVM_Bind
		at java.net.DualStackPlainSocketImpl.bind0(Native Method)
		at java.net.DualStackPlainSocketImpl.socketBind(DualStackPlainSocketImpl.java:106)
		at java.net.AbstractPlainSocketImpl.bind(AbstractPlainSocketImpl.java:387)
		at java.net.PlainSocketImpl.bind(PlainSocketImpl.java:190)
		at java.net.ServerSocket.bind(ServerSocket.java:375)
		at java.net.ServerSocket.<init>(ServerSocket.java:237)
		at org.apache.catalina.core.StandardServer.await(StandardServer.java:414)
		at org.apache.catalina.startup.Catalina.await(Catalina.java:776)
		at org.apache.catalina.startup.Catalina.start(Catalina.java:722)
		at sun.reflect.NativeMethodAccessorImpl.invoke0(Native Method)
		at sun.reflect.NativeMethodAccessorImpl.invoke(NativeMethodAccessorImpl.java:62)
		at sun.reflect.DelegatingMethodAccessorImpl.invoke(DelegatingMethodAccessorImpl.java:43)
		at java.lang.reflect.Method.invoke(Method.java:498)
		at org.apache.catalina.startup.Bootstrap.start(Bootstrap.java:345)
		at org.apache.catalina.startup.Bootstrap.main(Bootstrap.java:476)
24-Apr-2025 11:58:22.833 信息 [main] org.apache.coyote.AbstractProtocol.pause 暂停ProtocolHandler["http-nio-8080"]
24-Apr-2025 11:58:22.833 信息 [main] org.apache.catalina.core.StandardService.stopInternal 正在停止服务[Catalina]
24-Apr-2025 11:58:22.854 信息 [main] org.apache.coyote.AbstractProtocol.stop 正在停止ProtocolHandler ["http-nio-8080"]
24-Apr-2025 11:58:22.856 信息 [main] org.apache.coyote.AbstractProtocol.destroy 正在摧毁协议处理器 ["http-nio-8080"]
24-Apr-2025 11:59:39.883 信息 [main] org.apache.catalina.startup.VersionLoggerListener.log Server.服务器版本: Apache Tomcat/8.5.75
24-Apr-2025 11:59:39.891 信息 [main] org.apache.catalina.startup.VersionLoggerListener.log 服务器构建:        Jan 17 2022 22:07:47 UTC
24-Apr-2025 11:59:39.891 信息 [main] org.apache.catalina.startup.VersionLoggerListener.log 服务器版本号:      8.5.75.0
24-Apr-2025 11:59:39.891 信息 [main] org.apache.catalina.startup.VersionLoggerListener.log 操作系统名称:      Windows 10
24-Apr-2025 11:59:39.891 信息 [main] org.apache.catalina.startup.VersionLoggerListener.log OS.版本:           10.0
24-Apr-2025 11:59:39.892 信息 [main] org.apache.catalina.startup.VersionLoggerListener.log 架构:              amd64
24-Apr-2025 11:59:39.892 信息 [main] org.apache.catalina.startup.VersionLoggerListener.log Java 环境变量:     C:\Program Files\Java\jdk1.8.0_201\jre
24-Apr-2025 11:59:39.892 信息 [main] org.apache.catalina.startup.VersionLoggerListener.log Java虚拟机版本:    1.8.0_201-b09
24-Apr-2025 11:59:39.892 信息 [main] org.apache.catalina.startup.VersionLoggerListener.log JVM.供应商:        Oracle Corporation
24-Apr-2025 11:59:39.892 信息 [main] org.apache.catalina.startup.VersionLoggerListener.log CATALINA_BASE:     D:\BaiduNetdiskDownload\113-图书管理系统\2-源码资料\3-资料\3-资料\5-tomcat8.5.75\apache-tomcat-8.5.75-windows-x64\apache-tomcat-8.5.75
24-Apr-2025 11:59:39.892 信息 [main] org.apache.catalina.startup.VersionLoggerListener.log CATALINA_HOME:     D:\BaiduNetdiskDownload\113-图书管理系统\2-源码资料\3-资料\3-资料\5-tomcat8.5.75\apache-tomcat-8.5.75-windows-x64\apache-tomcat-8.5.75
24-Apr-2025 11:59:39.892 信息 [main] org.apache.catalina.startup.VersionLoggerListener.log 命令行参数：       -Djava.util.logging.config.file=D:\BaiduNetdiskDownload\113-图书管理系统\2-源码资料\3-资料\3-资料\5-tomcat8.5.75\apache-tomcat-8.5.75-windows-x64\apache-tomcat-8.5.75\conf\logging.properties
24-Apr-2025 11:59:39.894 信息 [main] org.apache.catalina.startup.VersionLoggerListener.log 命令行参数：       -Djava.util.logging.manager=org.apache.juli.ClassLoaderLogManager
24-Apr-2025 11:59:39.894 信息 [main] org.apache.catalina.startup.VersionLoggerListener.log 命令行参数：       -Djdk.tls.ephemeralDHKeySize=2048
24-Apr-2025 11:59:39.894 信息 [main] org.apache.catalina.startup.VersionLoggerListener.log 命令行参数：       -Djava.protocol.handler.pkgs=org.apache.catalina.webresources
24-Apr-2025 11:59:39.894 信息 [main] org.apache.catalina.startup.VersionLoggerListener.log 命令行参数：       -Dignore.endorsed.dirs=
24-Apr-2025 11:59:39.895 信息 [main] org.apache.catalina.startup.VersionLoggerListener.log 命令行参数：       -Dcatalina.base=D:\BaiduNetdiskDownload\113-图书管理系统\2-源码资料\3-资料\3-资料\5-tomcat8.5.75\apache-tomcat-8.5.75-windows-x64\apache-tomcat-8.5.75
24-Apr-2025 11:59:39.895 信息 [main] org.apache.catalina.startup.VersionLoggerListener.log 命令行参数：       -Dcatalina.home=D:\BaiduNetdiskDownload\113-图书管理系统\2-源码资料\3-资料\3-资料\5-tomcat8.5.75\apache-tomcat-8.5.75-windows-x64\apache-tomcat-8.5.75
24-Apr-2025 11:59:39.895 信息 [main] org.apache.catalina.startup.VersionLoggerListener.log 命令行参数：       -Djava.io.tmpdir=D:\BaiduNetdiskDownload\113-图书管理系统\2-源码资料\3-资料\3-资料\5-tomcat8.5.75\apache-tomcat-8.5.75-windows-x64\apache-tomcat-8.5.75\temp
24-Apr-2025 11:59:39.896 信息 [main] org.apache.catalina.core.AprLifecycleListener.lifecycleEvent 使用APR版本[1.7.0]加载了基于APR的Apache Tomcat本机库[1.2.31]。
24-Apr-2025 11:59:39.896 信息 [main] org.apache.catalina.core.AprLifecycleListener.lifecycleEvent APR功能：IPv6[true]、sendfile[true]、accept filters[false]、random[true]。
24-Apr-2025 11:59:39.896 信息 [main] org.apache.catalina.core.AprLifecycleListener.lifecycleEvent APR/OpenSSL配置：useAprConnector[false]，useOpenSSL[true]
24-Apr-2025 11:59:39.906 信息 [main] org.apache.catalina.core.AprLifecycleListener.initializeSSL OpenSSL成功初始化 [OpenSSL 1.1.1l  24 Aug 2021]
24-Apr-2025 11:59:40.024 信息 [main] org.apache.coyote.AbstractProtocol.init 初始化协议处理器 ["http-nio-8080"]
24-Apr-2025 11:59:40.034 严重 [main] org.apache.catalina.core.StandardService.initInternal Failed to initialize connector [Connector[HTTP/1.1-8080]]
	org.apache.catalina.LifecycleException: 协议处理程序初始化失败
		at org.apache.catalina.connector.Connector.initInternal(Connector.java:1076)
		at org.apache.catalina.util.LifecycleBase.init(LifecycleBase.java:136)
		at org.apache.catalina.core.StandardService.initInternal(StandardService.java:552)
		at org.apache.catalina.util.LifecycleBase.init(LifecycleBase.java:136)
		at org.apache.catalina.core.StandardServer.initInternal(StandardServer.java:843)
		at org.apache.catalina.util.LifecycleBase.init(LifecycleBase.java:136)
		at org.apache.catalina.startup.Catalina.load(Catalina.java:639)
		at org.apache.catalina.startup.Catalina.load(Catalina.java:662)
		at sun.reflect.NativeMethodAccessorImpl.invoke0(Native Method)
		at sun.reflect.NativeMethodAccessorImpl.invoke(NativeMethodAccessorImpl.java:62)
		at sun.reflect.DelegatingMethodAccessorImpl.invoke(DelegatingMethodAccessorImpl.java:43)
		at java.lang.reflect.Method.invoke(Method.java:498)
		at org.apache.catalina.startup.Bootstrap.load(Bootstrap.java:305)
		at org.apache.catalina.startup.Bootstrap.main(Bootstrap.java:475)
	Caused by: java.net.BindException: Address already in use: bind
		at sun.nio.ch.Net.bind0(Native Method)
		at sun.nio.ch.Net.bind(Net.java:433)
		at sun.nio.ch.Net.bind(Net.java:425)
		at sun.nio.ch.ServerSocketChannelImpl.bind(ServerSocketChannelImpl.java:223)
		at sun.nio.ch.ServerSocketAdaptor.bind(ServerSocketAdaptor.java:74)
		at org.apache.tomcat.util.net.NioEndpoint.bind(NioEndpoint.java:224)
		at org.apache.tomcat.util.net.AbstractEndpoint.init(AbstractEndpoint.java:1189)
		at org.apache.tomcat.util.net.AbstractJsseEndpoint.init(AbstractJsseEndpoint.java:222)
		at org.apache.coyote.AbstractProtocol.init(AbstractProtocol.java:617)
		at org.apache.coyote.http11.AbstractHttp11Protocol.init(AbstractHttp11Protocol.java:80)
		at org.apache.catalina.connector.Connector.initInternal(Connector.java:1074)
		... 13 more
24-Apr-2025 11:59:40.038 信息 [main] org.apache.catalina.startup.Catalina.load Initialization processed in 484 ms
24-Apr-2025 11:59:40.066 信息 [main] org.apache.catalina.core.StandardService.startInternal 正在启动服务[Catalina]
24-Apr-2025 11:59:40.066 信息 [main] org.apache.catalina.core.StandardEngine.startInternal 正在启动 Servlet 引擎：[Apache Tomcat/8.5.75]
24-Apr-2025 11:59:40.077 信息 [localhost-startStop-1] org.apache.catalina.startup.HostConfig.deployDirectory 把web 应用程序部署到目录 [D:\BaiduNetdiskDownload\113-图书管理系统\2-源码资料\3-资料\3-资料\5-tomcat8.5.75\apache-tomcat-8.5.75-windows-x64\apache-tomcat-8.5.75\webapps\docs]
24-Apr-2025 11:59:40.842 警告 [localhost-startStop-1] org.apache.catalina.util.SessionIdGeneratorBase.createSecureRandom 使用[SHA1PRNG]创建会话ID生成的SecureRandom实例花费了[597]毫秒。
24-Apr-2025 11:59:40.863 信息 [localhost-startStop-1] org.apache.catalina.startup.HostConfig.deployDirectory Web应用程序目录[D:\BaiduNetdiskDownload\113-图书管理系统\2-源码资料\3-资料\3-资料\5-tomcat8.5.75\apache-tomcat-8.5.75-windows-x64\apache-tomcat-8.5.75\webapps\docs]的部署已在[786]毫秒内完成
24-Apr-2025 11:59:40.864 信息 [localhost-startStop-1] org.apache.catalina.startup.HostConfig.deployDirectory 把web 应用程序部署到目录 [D:\BaiduNetdiskDownload\113-图书管理系统\2-源码资料\3-资料\3-资料\5-tomcat8.5.75\apache-tomcat-8.5.75-windows-x64\apache-tomcat-8.5.75\webapps\examples]
24-Apr-2025 11:59:41.194 信息 [localhost-startStop-1] org.apache.catalina.startup.HostConfig.deployDirectory Web应用程序目录[D:\BaiduNetdiskDownload\113-图书管理系统\2-源码资料\3-资料\3-资料\5-tomcat8.5.75\apache-tomcat-8.5.75-windows-x64\apache-tomcat-8.5.75\webapps\examples]的部署已在[330]毫秒内完成
24-Apr-2025 11:59:41.196 信息 [localhost-startStop-1] org.apache.catalina.startup.HostConfig.deployDirectory 把web 应用程序部署到目录 [D:\BaiduNetdiskDownload\113-图书管理系统\2-源码资料\3-资料\3-资料\5-tomcat8.5.75\apache-tomcat-8.5.75-windows-x64\apache-tomcat-8.5.75\webapps\host-manager]
24-Apr-2025 11:59:41.228 信息 [localhost-startStop-1] org.apache.catalina.startup.HostConfig.deployDirectory Web应用程序目录[D:\BaiduNetdiskDownload\113-图书管理系统\2-源码资料\3-资料\3-资料\5-tomcat8.5.75\apache-tomcat-8.5.75-windows-x64\apache-tomcat-8.5.75\webapps\host-manager]的部署已在[32]毫秒内完成
24-Apr-2025 11:59:41.228 信息 [localhost-startStop-1] org.apache.catalina.startup.HostConfig.deployDirectory 把web 应用程序部署到目录 [D:\BaiduNetdiskDownload\113-图书管理系统\2-源码资料\3-资料\3-资料\5-tomcat8.5.75\apache-tomcat-8.5.75-windows-x64\apache-tomcat-8.5.75\webapps\manager]
24-Apr-2025 11:59:41.259 信息 [localhost-startStop-1] org.apache.catalina.startup.HostConfig.deployDirectory Web应用程序目录[D:\BaiduNetdiskDownload\113-图书管理系统\2-源码资料\3-资料\3-资料\5-tomcat8.5.75\apache-tomcat-8.5.75-windows-x64\apache-tomcat-8.5.75\webapps\manager]的部署已在[31]毫秒内完成
24-Apr-2025 11:59:41.261 信息 [localhost-startStop-1] org.apache.catalina.startup.HostConfig.deployDirectory 把web 应用程序部署到目录 [D:\BaiduNetdiskDownload\113-图书管理系统\2-源码资料\3-资料\3-资料\5-tomcat8.5.75\apache-tomcat-8.5.75-windows-x64\apache-tomcat-8.5.75\webapps\ROOT]
24-Apr-2025 11:59:41.285 信息 [localhost-startStop-1] org.apache.catalina.startup.HostConfig.deployDirectory Web应用程序目录[D:\BaiduNetdiskDownload\113-图书管理系统\2-源码资料\3-资料\3-资料\5-tomcat8.5.75\apache-tomcat-8.5.75-windows-x64\apache-tomcat-8.5.75\webapps\ROOT]的部署已在[24]毫秒内完成
24-Apr-2025 11:59:41.289 信息 [main] org.apache.catalina.startup.Catalina.start Server startup in 1250 ms
24-Apr-2025 11:59:41.294 严重 [main] org.apache.catalina.core.StandardServer.await StandardServer.await: create[localhost:8005]: 
	java.net.BindException: Address already in use: JVM_Bind
		at java.net.DualStackPlainSocketImpl.bind0(Native Method)
		at java.net.DualStackPlainSocketImpl.socketBind(DualStackPlainSocketImpl.java:106)
		at java.net.AbstractPlainSocketImpl.bind(AbstractPlainSocketImpl.java:387)
		at java.net.PlainSocketImpl.bind(PlainSocketImpl.java:190)
		at java.net.ServerSocket.bind(ServerSocket.java:375)
		at java.net.ServerSocket.<init>(ServerSocket.java:237)
		at org.apache.catalina.core.StandardServer.await(StandardServer.java:414)
		at org.apache.catalina.startup.Catalina.await(Catalina.java:776)
		at org.apache.catalina.startup.Catalina.start(Catalina.java:722)
		at sun.reflect.NativeMethodAccessorImpl.invoke0(Native Method)
		at sun.reflect.NativeMethodAccessorImpl.invoke(NativeMethodAccessorImpl.java:62)
		at sun.reflect.DelegatingMethodAccessorImpl.invoke(DelegatingMethodAccessorImpl.java:43)
		at java.lang.reflect.Method.invoke(Method.java:498)
		at org.apache.catalina.startup.Bootstrap.start(Bootstrap.java:345)
		at org.apache.catalina.startup.Bootstrap.main(Bootstrap.java:476)
24-Apr-2025 11:59:41.297 信息 [main] org.apache.coyote.AbstractProtocol.pause 暂停ProtocolHandler["http-nio-8080"]
24-Apr-2025 11:59:41.299 信息 [main] org.apache.catalina.core.StandardService.stopInternal 正在停止服务[Catalina]
24-Apr-2025 11:59:41.314 信息 [main] org.apache.coyote.AbstractProtocol.stop 正在停止ProtocolHandler ["http-nio-8080"]
24-Apr-2025 11:59:41.314 信息 [main] org.apache.coyote.AbstractProtocol.destroy 正在摧毁协议处理器 ["http-nio-8080"]
24-Apr-2025 12:00:38.058 信息 [main] org.apache.catalina.startup.VersionLoggerListener.log Server.服务器版本: Apache Tomcat/8.5.75
24-Apr-2025 12:00:38.065 信息 [main] org.apache.catalina.startup.VersionLoggerListener.log 服务器构建:        Jan 17 2022 22:07:47 UTC
24-Apr-2025 12:00:38.065 信息 [main] org.apache.catalina.startup.VersionLoggerListener.log 服务器版本号:      8.5.75.0
24-Apr-2025 12:00:38.065 信息 [main] org.apache.catalina.startup.VersionLoggerListener.log 操作系统名称:      Windows 10
24-Apr-2025 12:00:38.066 信息 [main] org.apache.catalina.startup.VersionLoggerListener.log OS.版本:           10.0
24-Apr-2025 12:00:38.066 信息 [main] org.apache.catalina.startup.VersionLoggerListener.log 架构:              amd64
24-Apr-2025 12:00:38.066 信息 [main] org.apache.catalina.startup.VersionLoggerListener.log Java 环境变量:     C:\Program Files\Java\jdk1.8.0_201\jre
24-Apr-2025 12:00:38.066 信息 [main] org.apache.catalina.startup.VersionLoggerListener.log Java虚拟机版本:    1.8.0_201-b09
24-Apr-2025 12:00:38.066 信息 [main] org.apache.catalina.startup.VersionLoggerListener.log JVM.供应商:        Oracle Corporation
24-Apr-2025 12:00:38.066 信息 [main] org.apache.catalina.startup.VersionLoggerListener.log CATALINA_BASE:     D:\BaiduNetdiskDownload\113-图书管理系统\2-源码资料\3-资料\3-资料\5-tomcat8.5.75\apache-tomcat-8.5.75-windows-x64\apache-tomcat-8.5.75
24-Apr-2025 12:00:38.067 信息 [main] org.apache.catalina.startup.VersionLoggerListener.log CATALINA_HOME:     D:\BaiduNetdiskDownload\113-图书管理系统\2-源码资料\3-资料\3-资料\5-tomcat8.5.75\apache-tomcat-8.5.75-windows-x64\apache-tomcat-8.5.75
24-Apr-2025 12:00:38.067 信息 [main] org.apache.catalina.startup.VersionLoggerListener.log 命令行参数：       -Djava.util.logging.config.file=D:\BaiduNetdiskDownload\113-图书管理系统\2-源码资料\3-资料\3-资料\5-tomcat8.5.75\apache-tomcat-8.5.75-windows-x64\apache-tomcat-8.5.75\conf\logging.properties
24-Apr-2025 12:00:38.067 信息 [main] org.apache.catalina.startup.VersionLoggerListener.log 命令行参数：       -Djava.util.logging.manager=org.apache.juli.ClassLoaderLogManager
24-Apr-2025 12:00:38.067 信息 [main] org.apache.catalina.startup.VersionLoggerListener.log 命令行参数：       -Djdk.tls.ephemeralDHKeySize=2048
24-Apr-2025 12:00:38.068 信息 [main] org.apache.catalina.startup.VersionLoggerListener.log 命令行参数：       -Djava.protocol.handler.pkgs=org.apache.catalina.webresources
24-Apr-2025 12:00:38.068 信息 [main] org.apache.catalina.startup.VersionLoggerListener.log 命令行参数：       -Dignore.endorsed.dirs=
24-Apr-2025 12:00:38.068 信息 [main] org.apache.catalina.startup.VersionLoggerListener.log 命令行参数：       -Dcatalina.base=D:\BaiduNetdiskDownload\113-图书管理系统\2-源码资料\3-资料\3-资料\5-tomcat8.5.75\apache-tomcat-8.5.75-windows-x64\apache-tomcat-8.5.75
24-Apr-2025 12:00:38.069 信息 [main] org.apache.catalina.startup.VersionLoggerListener.log 命令行参数：       -Dcatalina.home=D:\BaiduNetdiskDownload\113-图书管理系统\2-源码资料\3-资料\3-资料\5-tomcat8.5.75\apache-tomcat-8.5.75-windows-x64\apache-tomcat-8.5.75
24-Apr-2025 12:00:38.069 信息 [main] org.apache.catalina.startup.VersionLoggerListener.log 命令行参数：       -Djava.io.tmpdir=D:\BaiduNetdiskDownload\113-图书管理系统\2-源码资料\3-资料\3-资料\5-tomcat8.5.75\apache-tomcat-8.5.75-windows-x64\apache-tomcat-8.5.75\temp
24-Apr-2025 12:00:38.069 信息 [main] org.apache.catalina.core.AprLifecycleListener.lifecycleEvent 使用APR版本[1.7.0]加载了基于APR的Apache Tomcat本机库[1.2.31]。
24-Apr-2025 12:00:38.069 信息 [main] org.apache.catalina.core.AprLifecycleListener.lifecycleEvent APR功能：IPv6[true]、sendfile[true]、accept filters[false]、random[true]。
24-Apr-2025 12:00:38.071 信息 [main] org.apache.catalina.core.AprLifecycleListener.lifecycleEvent APR/OpenSSL配置：useAprConnector[false]，useOpenSSL[true]
24-Apr-2025 12:00:38.081 信息 [main] org.apache.catalina.core.AprLifecycleListener.initializeSSL OpenSSL成功初始化 [OpenSSL 1.1.1l  24 Aug 2021]
24-Apr-2025 12:00:38.189 信息 [main] org.apache.coyote.AbstractProtocol.init 初始化协议处理器 ["http-nio-8080"]
24-Apr-2025 12:00:38.201 严重 [main] org.apache.catalina.core.StandardService.initInternal Failed to initialize connector [Connector[HTTP/1.1-8080]]
	org.apache.catalina.LifecycleException: 协议处理程序初始化失败
		at org.apache.catalina.connector.Connector.initInternal(Connector.java:1076)
		at org.apache.catalina.util.LifecycleBase.init(LifecycleBase.java:136)
		at org.apache.catalina.core.StandardService.initInternal(StandardService.java:552)
		at org.apache.catalina.util.LifecycleBase.init(LifecycleBase.java:136)
		at org.apache.catalina.core.StandardServer.initInternal(StandardServer.java:843)
		at org.apache.catalina.util.LifecycleBase.init(LifecycleBase.java:136)
		at org.apache.catalina.startup.Catalina.load(Catalina.java:639)
		at org.apache.catalina.startup.Catalina.load(Catalina.java:662)
		at sun.reflect.NativeMethodAccessorImpl.invoke0(Native Method)
		at sun.reflect.NativeMethodAccessorImpl.invoke(NativeMethodAccessorImpl.java:62)
		at sun.reflect.DelegatingMethodAccessorImpl.invoke(DelegatingMethodAccessorImpl.java:43)
		at java.lang.reflect.Method.invoke(Method.java:498)
		at org.apache.catalina.startup.Bootstrap.load(Bootstrap.java:305)
		at org.apache.catalina.startup.Bootstrap.main(Bootstrap.java:475)
	Caused by: java.net.BindException: Address already in use: bind
		at sun.nio.ch.Net.bind0(Native Method)
		at sun.nio.ch.Net.bind(Net.java:433)
		at sun.nio.ch.Net.bind(Net.java:425)
		at sun.nio.ch.ServerSocketChannelImpl.bind(ServerSocketChannelImpl.java:223)
		at sun.nio.ch.ServerSocketAdaptor.bind(ServerSocketAdaptor.java:74)
		at org.apache.tomcat.util.net.NioEndpoint.bind(NioEndpoint.java:224)
		at org.apache.tomcat.util.net.AbstractEndpoint.init(AbstractEndpoint.java:1189)
		at org.apache.tomcat.util.net.AbstractJsseEndpoint.init(AbstractJsseEndpoint.java:222)
		at org.apache.coyote.AbstractProtocol.init(AbstractProtocol.java:617)
		at org.apache.coyote.http11.AbstractHttp11Protocol.init(AbstractHttp11Protocol.java:80)
		at org.apache.catalina.connector.Connector.initInternal(Connector.java:1074)
		... 13 more
24-Apr-2025 12:00:38.206 信息 [main] org.apache.catalina.startup.Catalina.load Initialization processed in 461 ms
24-Apr-2025 12:00:38.231 信息 [main] org.apache.catalina.core.StandardService.startInternal 正在启动服务[Catalina]
24-Apr-2025 12:00:38.232 信息 [main] org.apache.catalina.core.StandardEngine.startInternal 正在启动 Servlet 引擎：[Apache Tomcat/8.5.75]
24-Apr-2025 12:00:38.242 信息 [localhost-startStop-1] org.apache.catalina.startup.HostConfig.deployDirectory 把web 应用程序部署到目录 [D:\BaiduNetdiskDownload\113-图书管理系统\2-源码资料\3-资料\3-资料\5-tomcat8.5.75\apache-tomcat-8.5.75-windows-x64\apache-tomcat-8.5.75\webapps\docs]
24-Apr-2025 12:00:39.055 警告 [localhost-startStop-1] org.apache.catalina.util.SessionIdGeneratorBase.createSecureRandom 使用[SHA1PRNG]创建会话ID生成的SecureRandom实例花费了[646]毫秒。
24-Apr-2025 12:00:39.076 信息 [localhost-startStop-1] org.apache.catalina.startup.HostConfig.deployDirectory Web应用程序目录[D:\BaiduNetdiskDownload\113-图书管理系统\2-源码资料\3-资料\3-资料\5-tomcat8.5.75\apache-tomcat-8.5.75-windows-x64\apache-tomcat-8.5.75\webapps\docs]的部署已在[834]毫秒内完成
24-Apr-2025 12:00:39.077 信息 [localhost-startStop-1] org.apache.catalina.startup.HostConfig.deployDirectory 把web 应用程序部署到目录 [D:\BaiduNetdiskDownload\113-图书管理系统\2-源码资料\3-资料\3-资料\5-tomcat8.5.75\apache-tomcat-8.5.75-windows-x64\apache-tomcat-8.5.75\webapps\examples]
24-Apr-2025 12:00:39.397 信息 [localhost-startStop-1] org.apache.catalina.startup.HostConfig.deployDirectory Web应用程序目录[D:\BaiduNetdiskDownload\113-图书管理系统\2-源码资料\3-资料\3-资料\5-tomcat8.5.75\apache-tomcat-8.5.75-windows-x64\apache-tomcat-8.5.75\webapps\examples]的部署已在[320]毫秒内完成
24-Apr-2025 12:00:39.399 信息 [localhost-startStop-1] org.apache.catalina.startup.HostConfig.deployDirectory 把web 应用程序部署到目录 [D:\BaiduNetdiskDownload\113-图书管理系统\2-源码资料\3-资料\3-资料\5-tomcat8.5.75\apache-tomcat-8.5.75-windows-x64\apache-tomcat-8.5.75\webapps\host-manager]
24-Apr-2025 12:00:39.428 信息 [localhost-startStop-1] org.apache.catalina.startup.HostConfig.deployDirectory Web应用程序目录[D:\BaiduNetdiskDownload\113-图书管理系统\2-源码资料\3-资料\3-资料\5-tomcat8.5.75\apache-tomcat-8.5.75-windows-x64\apache-tomcat-8.5.75\webapps\host-manager]的部署已在[29]毫秒内完成
24-Apr-2025 12:00:39.431 信息 [localhost-startStop-1] org.apache.catalina.startup.HostConfig.deployDirectory 把web 应用程序部署到目录 [D:\BaiduNetdiskDownload\113-图书管理系统\2-源码资料\3-资料\3-资料\5-tomcat8.5.75\apache-tomcat-8.5.75-windows-x64\apache-tomcat-8.5.75\webapps\manager]
24-Apr-2025 12:00:39.457 信息 [localhost-startStop-1] org.apache.catalina.startup.HostConfig.deployDirectory Web应用程序目录[D:\BaiduNetdiskDownload\113-图书管理系统\2-源码资料\3-资料\3-资料\5-tomcat8.5.75\apache-tomcat-8.5.75-windows-x64\apache-tomcat-8.5.75\webapps\manager]的部署已在[26]毫秒内完成
24-Apr-2025 12:00:39.458 信息 [localhost-startStop-1] org.apache.catalina.startup.HostConfig.deployDirectory 把web 应用程序部署到目录 [D:\BaiduNetdiskDownload\113-图书管理系统\2-源码资料\3-资料\3-资料\5-tomcat8.5.75\apache-tomcat-8.5.75-windows-x64\apache-tomcat-8.5.75\webapps\ROOT]
24-Apr-2025 12:00:39.480 信息 [localhost-startStop-1] org.apache.catalina.startup.HostConfig.deployDirectory Web应用程序目录[D:\BaiduNetdiskDownload\113-图书管理系统\2-源码资料\3-资料\3-资料\5-tomcat8.5.75\apache-tomcat-8.5.75-windows-x64\apache-tomcat-8.5.75\webapps\ROOT]的部署已在[22]毫秒内完成
24-Apr-2025 12:00:39.485 信息 [main] org.apache.catalina.startup.Catalina.start Server startup in 1278 ms
24-Apr-2025 12:00:39.490 严重 [main] org.apache.catalina.core.StandardServer.await StandardServer.await: create[localhost:8005]: 
	java.net.BindException: Address already in use: JVM_Bind
		at java.net.DualStackPlainSocketImpl.bind0(Native Method)
		at java.net.DualStackPlainSocketImpl.socketBind(DualStackPlainSocketImpl.java:106)
		at java.net.AbstractPlainSocketImpl.bind(AbstractPlainSocketImpl.java:387)
		at java.net.PlainSocketImpl.bind(PlainSocketImpl.java:190)
		at java.net.ServerSocket.bind(ServerSocket.java:375)
		at java.net.ServerSocket.<init>(ServerSocket.java:237)
		at org.apache.catalina.core.StandardServer.await(StandardServer.java:414)
		at org.apache.catalina.startup.Catalina.await(Catalina.java:776)
		at org.apache.catalina.startup.Catalina.start(Catalina.java:722)
		at sun.reflect.NativeMethodAccessorImpl.invoke0(Native Method)
		at sun.reflect.NativeMethodAccessorImpl.invoke(NativeMethodAccessorImpl.java:62)
		at sun.reflect.DelegatingMethodAccessorImpl.invoke(DelegatingMethodAccessorImpl.java:43)
		at java.lang.reflect.Method.invoke(Method.java:498)
		at org.apache.catalina.startup.Bootstrap.start(Bootstrap.java:345)
		at org.apache.catalina.startup.Bootstrap.main(Bootstrap.java:476)
24-Apr-2025 12:00:39.493 信息 [main] org.apache.coyote.AbstractProtocol.pause 暂停ProtocolHandler["http-nio-8080"]
24-Apr-2025 12:00:39.493 信息 [main] org.apache.catalina.core.StandardService.stopInternal 正在停止服务[Catalina]
24-Apr-2025 12:00:39.506 信息 [main] org.apache.coyote.AbstractProtocol.stop 正在停止ProtocolHandler ["http-nio-8080"]
24-Apr-2025 12:00:39.510 信息 [main] org.apache.coyote.AbstractProtocol.destroy 正在摧毁协议处理器 ["http-nio-8080"]
24-Apr-2025 12:04:55.807 信息 [main] org.apache.catalina.startup.VersionLoggerListener.log Server.服务器版本: Apache Tomcat/8.5.75
24-Apr-2025 12:04:55.815 信息 [main] org.apache.catalina.startup.VersionLoggerListener.log 服务器构建:        Jan 17 2022 22:07:47 UTC
24-Apr-2025 12:04:55.815 信息 [main] org.apache.catalina.startup.VersionLoggerListener.log 服务器版本号:      8.5.75.0
24-Apr-2025 12:04:55.815 信息 [main] org.apache.catalina.startup.VersionLoggerListener.log 操作系统名称:      Windows 10
24-Apr-2025 12:04:55.816 信息 [main] org.apache.catalina.startup.VersionLoggerListener.log OS.版本:           10.0
24-Apr-2025 12:04:55.816 信息 [main] org.apache.catalina.startup.VersionLoggerListener.log 架构:              amd64
24-Apr-2025 12:04:55.816 信息 [main] org.apache.catalina.startup.VersionLoggerListener.log Java 环境变量:     C:\Program Files\Java\jdk1.8.0_201\jre
24-Apr-2025 12:04:55.816 信息 [main] org.apache.catalina.startup.VersionLoggerListener.log Java虚拟机版本:    1.8.0_201-b09
24-Apr-2025 12:04:55.816 信息 [main] org.apache.catalina.startup.VersionLoggerListener.log JVM.供应商:        Oracle Corporation
24-Apr-2025 12:04:55.816 信息 [main] org.apache.catalina.startup.VersionLoggerListener.log CATALINA_BASE:     D:\BaiduNetdiskDownload\113-图书管理系统\2-源码资料\3-资料\3-资料\5-tomcat8.5.75\apache-tomcat-8.5.75-windows-x64\apache-tomcat-8.5.75
24-Apr-2025 12:04:55.817 信息 [main] org.apache.catalina.startup.VersionLoggerListener.log CATALINA_HOME:     D:\BaiduNetdiskDownload\113-图书管理系统\2-源码资料\3-资料\3-资料\5-tomcat8.5.75\apache-tomcat-8.5.75-windows-x64\apache-tomcat-8.5.75
24-Apr-2025 12:04:55.817 信息 [main] org.apache.catalina.startup.VersionLoggerListener.log 命令行参数：       -Djava.util.logging.config.file=D:\BaiduNetdiskDownload\113-图书管理系统\2-源码资料\3-资料\3-资料\5-tomcat8.5.75\apache-tomcat-8.5.75-windows-x64\apache-tomcat-8.5.75\conf\logging.properties
24-Apr-2025 12:04:55.817 信息 [main] org.apache.catalina.startup.VersionLoggerListener.log 命令行参数：       -Djava.util.logging.manager=org.apache.juli.ClassLoaderLogManager
24-Apr-2025 12:04:55.817 信息 [main] org.apache.catalina.startup.VersionLoggerListener.log 命令行参数：       -Djdk.tls.ephemeralDHKeySize=2048
24-Apr-2025 12:04:55.817 信息 [main] org.apache.catalina.startup.VersionLoggerListener.log 命令行参数：       -Djava.protocol.handler.pkgs=org.apache.catalina.webresources
24-Apr-2025 12:04:55.819 信息 [main] org.apache.catalina.startup.VersionLoggerListener.log 命令行参数：       -Dignore.endorsed.dirs=
24-Apr-2025 12:04:55.819 信息 [main] org.apache.catalina.startup.VersionLoggerListener.log 命令行参数：       -Dcatalina.base=D:\BaiduNetdiskDownload\113-图书管理系统\2-源码资料\3-资料\3-资料\5-tomcat8.5.75\apache-tomcat-8.5.75-windows-x64\apache-tomcat-8.5.75
24-Apr-2025 12:04:55.819 信息 [main] org.apache.catalina.startup.VersionLoggerListener.log 命令行参数：       -Dcatalina.home=D:\BaiduNetdiskDownload\113-图书管理系统\2-源码资料\3-资料\3-资料\5-tomcat8.5.75\apache-tomcat-8.5.75-windows-x64\apache-tomcat-8.5.75
24-Apr-2025 12:04:55.819 信息 [main] org.apache.catalina.startup.VersionLoggerListener.log 命令行参数：       -Djava.io.tmpdir=D:\BaiduNetdiskDownload\113-图书管理系统\2-源码资料\3-资料\3-资料\5-tomcat8.5.75\apache-tomcat-8.5.75-windows-x64\apache-tomcat-8.5.75\temp
24-Apr-2025 12:04:55.820 信息 [main] org.apache.catalina.core.AprLifecycleListener.lifecycleEvent 使用APR版本[1.7.0]加载了基于APR的Apache Tomcat本机库[1.2.31]。
24-Apr-2025 12:04:55.820 信息 [main] org.apache.catalina.core.AprLifecycleListener.lifecycleEvent APR功能：IPv6[true]、sendfile[true]、accept filters[false]、random[true]。
24-Apr-2025 12:04:55.820 信息 [main] org.apache.catalina.core.AprLifecycleListener.lifecycleEvent APR/OpenSSL配置：useAprConnector[false]，useOpenSSL[true]
24-Apr-2025 12:04:55.831 信息 [main] org.apache.catalina.core.AprLifecycleListener.initializeSSL OpenSSL成功初始化 [OpenSSL 1.1.1l  24 Aug 2021]
24-Apr-2025 12:04:55.954 信息 [main] org.apache.coyote.AbstractProtocol.init 初始化协议处理器 ["http-nio-8080"]
24-Apr-2025 12:04:56.648 信息 [main] org.apache.tomcat.util.net.NioSelectorPool.getSharedSelector Using a shared selector for servlet write/read
24-Apr-2025 12:04:56.658 信息 [main] org.apache.catalina.startup.Catalina.load Initialization processed in 1189 ms
24-Apr-2025 12:04:56.685 信息 [main] org.apache.catalina.core.StandardService.startInternal 正在启动服务[Catalina]
24-Apr-2025 12:04:56.685 信息 [main] org.apache.catalina.core.StandardEngine.startInternal 正在启动 Servlet 引擎：[Apache Tomcat/8.5.75]
24-Apr-2025 12:04:56.695 信息 [localhost-startStop-1] org.apache.catalina.startup.HostConfig.deployDirectory 把web 应用程序部署到目录 [D:\BaiduNetdiskDownload\113-图书管理系统\2-源码资料\3-资料\3-资料\5-tomcat8.5.75\apache-tomcat-8.5.75-windows-x64\apache-tomcat-8.5.75\webapps\docs]
24-Apr-2025 12:04:56.878 信息 [localhost-startStop-1] org.apache.catalina.startup.HostConfig.deployDirectory Web应用程序目录[D:\BaiduNetdiskDownload\113-图书管理系统\2-源码资料\3-资料\3-资料\5-tomcat8.5.75\apache-tomcat-8.5.75-windows-x64\apache-tomcat-8.5.75\webapps\docs]的部署已在[182]毫秒内完成
24-Apr-2025 12:04:56.880 信息 [localhost-startStop-1] org.apache.catalina.startup.HostConfig.deployDirectory 把web 应用程序部署到目录 [D:\BaiduNetdiskDownload\113-图书管理系统\2-源码资料\3-资料\3-资料\5-tomcat8.5.75\apache-tomcat-8.5.75-windows-x64\apache-tomcat-8.5.75\webapps\examples]
24-Apr-2025 12:04:57.198 信息 [localhost-startStop-1] org.apache.catalina.startup.HostConfig.deployDirectory Web应用程序目录[D:\BaiduNetdiskDownload\113-图书管理系统\2-源码资料\3-资料\3-资料\5-tomcat8.5.75\apache-tomcat-8.5.75-windows-x64\apache-tomcat-8.5.75\webapps\examples]的部署已在[318]毫秒内完成
24-Apr-2025 12:04:57.202 信息 [localhost-startStop-1] org.apache.catalina.startup.HostConfig.deployDirectory 把web 应用程序部署到目录 [D:\BaiduNetdiskDownload\113-图书管理系统\2-源码资料\3-资料\3-资料\5-tomcat8.5.75\apache-tomcat-8.5.75-windows-x64\apache-tomcat-8.5.75\webapps\host-manager]
24-Apr-2025 12:04:57.230 信息 [localhost-startStop-1] org.apache.catalina.startup.HostConfig.deployDirectory Web应用程序目录[D:\BaiduNetdiskDownload\113-图书管理系统\2-源码资料\3-资料\3-资料\5-tomcat8.5.75\apache-tomcat-8.5.75-windows-x64\apache-tomcat-8.5.75\webapps\host-manager]的部署已在[28]毫秒内完成
24-Apr-2025 12:04:57.232 信息 [localhost-startStop-1] org.apache.catalina.startup.HostConfig.deployDirectory 把web 应用程序部署到目录 [D:\BaiduNetdiskDownload\113-图书管理系统\2-源码资料\3-资料\3-资料\5-tomcat8.5.75\apache-tomcat-8.5.75-windows-x64\apache-tomcat-8.5.75\webapps\manager]
24-Apr-2025 12:04:57.259 信息 [localhost-startStop-1] org.apache.catalina.startup.HostConfig.deployDirectory Web应用程序目录[D:\BaiduNetdiskDownload\113-图书管理系统\2-源码资料\3-资料\3-资料\5-tomcat8.5.75\apache-tomcat-8.5.75-windows-x64\apache-tomcat-8.5.75\webapps\manager]的部署已在[27]毫秒内完成
24-Apr-2025 12:04:57.260 信息 [localhost-startStop-1] org.apache.catalina.startup.HostConfig.deployDirectory 把web 应用程序部署到目录 [D:\BaiduNetdiskDownload\113-图书管理系统\2-源码资料\3-资料\3-资料\5-tomcat8.5.75\apache-tomcat-8.5.75-windows-x64\apache-tomcat-8.5.75\webapps\ROOT]
24-Apr-2025 12:04:57.282 信息 [localhost-startStop-1] org.apache.catalina.startup.HostConfig.deployDirectory Web应用程序目录[D:\BaiduNetdiskDownload\113-图书管理系统\2-源码资料\3-资料\3-资料\5-tomcat8.5.75\apache-tomcat-8.5.75-windows-x64\apache-tomcat-8.5.75\webapps\ROOT]的部署已在[22]毫秒内完成
24-Apr-2025 12:04:57.286 信息 [main] org.apache.coyote.AbstractProtocol.start 开始协议处理句柄["http-nio-8080"]
24-Apr-2025 12:04:57.304 信息 [main] org.apache.catalina.startup.Catalina.start Server startup in 645 ms
